TN:
SF:carrinho\carrinho.js
FN:2,(anonymous_0)
FN:8,(anonymous_1)
FN:11,(anonymous_2)
FN:14,(anonymous_3)
FN:15,(anonymous_4)
FN:18,(anonymous_5)
FNF:6
FNH:6
FNDA:6,(anonymous_0)
FNDA:4,(anonymous_1)
FNDA:2,(anonymous_2)
FNDA:2,(anonymous_3)
FNDA:4,(anonymous_4)
FNDA:2,(anonymous_5)
DA:3,6
DA:4,6
DA:5,6
DA:6,6
DA:9,4
DA:12,2
DA:15,4
DA:16,2
DA:19,2
DA:20,1
DA:22,1
DA:23,1
LF:12
LH:12
BRDA:19,0,0,1
BRDA:19,0,1,1
BRF:2
BRH:2
end_of_record
TN:
SF:carrinho\item.js
FN:2,(anonymous_0)
FN:8,(anonymous_1)
FNF:2
FNH:2
FNDA:7,(anonymous_0)
FNDA:5,(anonymous_1)
DA:3,7
DA:4,7
DA:5,7
DA:9,5
LF:4
LH:4
BRF:0
BRH:0
end_of_record
